<?xml version="1.0" encoding="utf-8"?><testsuites name="pytest tests"><testsuite name="pytest" errors="0" failures="0" skipped="0" tests="18" time="2.019" timestamp="2026-07-01T07:29:06.397875+00:00" hostname="agent-env-293419f9-b6d5-4803-941e-e17876fc5040"><testcase classname="backend.tests.test_darubahi_api" name="test_root" time="0.261" /><testcase classname="backend.tests.test_darubahi_api" name="test_send_otp_dev_bypass" time="0.049" /><testcase classname="backend.tests.test_darubahi_api" name="test_verify_bad_otp" time="0.085" /><testcase classname="backend.tests.test_darubahi_api" name="test_me_unauth" time="0.081" /><testcase classname="backend.tests.test_darubahi_api" name="test_me_ok" time="0.203" /><testcase classname="backend.tests.test_darubahi_api" name="test_products_unauth" time="0.037" /><testcase classname="backend.tests.test_darubahi_api" name="test_categories_presets" time="0.041" /><testcase classname="backend.tests.test_darubahi_api" name="test_categories_add_custom" time="0.136" /><testcase classname="backend.tests.test_darubahi_api" name="test_product_list_and_filter" time="0.163" /><testcase classname="backend.tests.test_darubahi_api" name="test_product_update" time="0.042" /><testcase classname="backend.tests.test_darubahi_api" name="test_sale_success_decrements_stock_and_profit" time="0.163" /><testcase classname="backend.tests.test_darubahi_api" name="test_sale_rejects_over_stock" time="0.041" /><testcase classname="backend.tests.test_darubahi_api" name="test_stock_entry_computes_closing" time="0.210" /><testcase classname="backend.tests.test_darubahi_api" name="test_stock_entry_rejects_negative_closing" time="0.080" /><testcase classname="backend.tests.test_darubahi_api" name="test_dashboard" time="0.040" /><testcase classname="backend.tests.test_darubahi_api" name="test_daily_report" time="0.045" /><testcase classname="backend.tests.test_darubahi_api" name="test_monthly_report" time="0.041" /><testcase classname="backend.tests.test_darubahi_api" name="test_product_soft_delete" time="0.221" /></testsuite></testsuites>