<?xml version="1.0" encoding="utf-8"?><testsuites name="pytest tests"><testsuite name="pytest" errors="0" failures="0" skipped="0" tests="14" time="3.687" timestamp="2026-07-22T10:09:48.666108+00:00" hostname="agent-env-e94e1740-ce9c-4aed-811a-c6f0e054b4a0"><testcase classname="backend.tests.test_auth_phone_password" name="test_register_happy_path" time="0.443" /><testcase classname="backend.tests.test_auth_phone_password" name="test_register_duplicate_returns_400" time="0.316" /><testcase classname="backend.tests.test_auth_phone_password" name="test_register_short_password_rejected" time="0.041" /><testcase classname="backend.tests.test_auth_phone_password" name="test_register_short_phone_rejected" time="0.042" /><testcase classname="backend.tests.test_auth_phone_password" name="test_login_wrong_password" time="0.535" /><testcase classname="backend.tests.test_auth_phone_password" name="test_login_nonexistent_phone" time="0.045" /><testcase classname="backend.tests.test_auth_phone_password" name="test_login_success_before_setup_returns_is_new_user_true" time="0.531" /><testcase classname="backend.tests.test_auth_phone_password" name="test_me_without_authorization_returns_401" time="0.045" /><testcase classname="backend.tests.test_auth_phone_password" name="test_me_with_garbage_token_returns_401" time="0.042" /><testcase classname="backend.tests.test_auth_phone_password" name="test_me_before_setup_returns_404" time="0.312" /><testcase classname="backend.tests.test_auth_phone_password" name="test_setup_shop_returns_user_without_password_hash" time="0.350" /><testcase classname="backend.tests.test_auth_phone_password" name="test_login_after_setup_returns_is_new_user_false" time="0.266" /><testcase classname="backend.tests.test_auth_phone_password" name="test_me_after_setup_returns_full_user" time="0.047" /><testcase classname="backend.tests.test_auth_phone_password" name="test_phone_normalized_to_plus91" time="0.538" /></testsuite></testsuites>